2025-12-27 19:32:05,661 [INFO] patching driver executable C:\Users\91630\appdata\roaming\undetected_chromedriver\undetected_chromedriver.exe
2025-12-27 19:32:09,481 [INFO] Downloading (1/103): https://fanteziigreieriprostii.ro/2025/12/25/oscilatii/
2025-12-27 19:32:20,321 [INFO] Saved: downloaded_html_fantezii_articles\2025-12-25-oscilatii.html
2025-12-27 19:32:23,231 [INFO] Downloading (2/103): https://fanteziigreieriprostii.ro/2025/11/30/cantec-flamand/
2025-12-27 19:32:39,489 [INFO] Saved: downloaded_html_fantezii_articles\2025-11-30-cantec-flamand.html
2025-12-27 19:32:41,594 [INFO] Downloading (3/103): https://fanteziigreieriprostii.ro/2025/11/25/am-greieri-in-cap-si-ciulini-prin-vene-imi-curg-maracini/
2025-12-27 19:32:43,123 [INFO] Saved: downloaded_html_fantezii_articles\2025-11-25-am-greieri-in-cap-si-ciulini-prin-vene-imi-curg-maracini.html
2025-12-27 19:32:46,180 [INFO] Downloading (4/103): https://fanteziigreieriprostii.ro/2025/11/25/ego-si-furnica-care-alunga-frica/
2025-12-27 19:32:53,922 [INFO] Saved: downloaded_html_fantezii_articles\2025-11-25-ego-si-furnica-care-alunga-frica.html
2025-12-27 19:32:56,121 [INFO] Downloading (5/103): https://fanteziigreieriprostii.ro/2025/10/29/maci-ciulini-si-papadie-franturi-de-copilarie/
2025-12-27 19:32:57,793 [INFO] Saved: downloaded_html_fantezii_articles\2025-10-29-maci-ciulini-si-papadie-franturi-de-copilarie.html
2025-12-27 19:33:01,106 [INFO] Downloading (6/103): https://fanteziigreieriprostii.ro/2025/10/17/cand-funzele-sunt-grase/
2025-12-27 19:33:03,208 [INFO] Saved: downloaded_html_fantezii_articles\2025-10-17-cand-funzele-sunt-grase.html
2025-12-27 19:33:05,270 [INFO] Downloading (7/103): https://fanteziigreieriprostii.ro/2025/10/08/termeni-difuzi-pe-care-ii-refuzi/
2025-12-27 19:33:07,040 [INFO] Saved: downloaded_html_fantezii_articles\2025-10-08-termeni-difuzi-pe-care-ii-refuzi.html
2025-12-27 19:33:09,350 [INFO] Downloading (8/103): https://fanteziigreieriprostii.ro/2025/10/07/pamanul-descifreaza-vantul/
2025-12-27 19:33:11,673 [INFO] Saved: downloaded_html_fantezii_articles\2025-10-07-pamanul-descifreaza-vantul.html
2025-12-27 19:33:14,212 [INFO] Downloading (9/103): https://fanteziigreieriprostii.ro/2025/10/06/rima-timpului/
2025-12-27 19:33:16,813 [INFO] Saved: downloaded_html_fantezii_articles\2025-10-06-rima-timpului.html
2025-12-27 19:33:20,046 [INFO] Downloading (10/103): https://fanteziigreieriprostii.ro/2025/10/01/camera-dintre-lumi-dintre-plamani-si-lumina/
2025-12-27 19:33:22,777 [INFO] Saved: downloaded_html_fantezii_articles\2025-10-01-camera-dintre-lumi-dintre-plamani-si-lumina.html
2025-12-27 19:33:25,875 [INFO] Downloading (11/103): https://fanteziigreieriprostii.ro/2025/09/22/celule-si-chirie-greieri-si-fantezie/
2025-12-27 19:33:28,192 [INFO] Saved: downloaded_html_fantezii_articles\2025-09-22-celule-si-chirie-greieri-si-fantezie.html
2025-12-27 19:33:30,834 [INFO] Downloading (12/103): https://fanteziigreieriprostii.ro/2025/09/08/minerala-inspirata-si-goala/
2025-12-27 19:33:33,488 [INFO] Saved: downloaded_html_fantezii_articles\2025-09-08-minerala-inspirata-si-goala.html
2025-12-27 19:33:35,912 [INFO] Downloading (13/103): https://fanteziigreieriprostii.ro/2025/09/08/versuri-din-pamant-si-piele/
2025-12-27 19:33:38,715 [INFO] Saved: downloaded_html_fantezii_articles\2025-09-08-versuri-din-pamant-si-piele.html
2025-12-27 19:33:41,765 [INFO] Downloading (14/103): https://fanteziigreieriprostii.ro/2025/08/04/zei-in-nisip-oameni-in-papuci/
2025-12-27 19:33:44,614 [INFO] Saved: downloaded_html_fantezii_articles\2025-08-04-zei-in-nisip-oameni-in-papuci.html
2025-12-27 19:33:48,065 [INFO] Downloading (15/103): https://fanteziigreieriprostii.ro/2025/07/31/complementary/
2025-12-27 19:33:50,867 [INFO] Saved: downloaded_html_fantezii_articles\2025-07-31-complementary.html
2025-12-27 19:33:53,169 [INFO] Downloading (16/103): https://fanteziigreieriprostii.ro/2025/07/24/cand-privirea-devine-poarta/
2025-12-27 19:33:54,928 [INFO] Saved: downloaded_html_fantezii_articles\2025-07-24-cand-privirea-devine-poarta.html
2025-12-27 19:33:57,893 [INFO] Downloading (17/103): https://fanteziigreieriprostii.ro/2025/07/12/neimplicare-forma-de-ardere/
2025-12-27 19:34:01,214 [INFO] Saved: downloaded_html_fantezii_articles\2025-07-12-neimplicare-forma-de-ardere.html
2025-12-27 19:34:04,171 [INFO] Downloading (18/103): https://fanteziigreieriprostii.ro/2025/07/02/ruina-cu-zambet-moral/
2025-12-27 19:34:06,398 [INFO] Saved: downloaded_html_fantezii_articles\2025-07-02-ruina-cu-zambet-moral.html
2025-12-27 19:34:09,199 [INFO] Downloading (19/103): https://fanteziigreieriprostii.ro/2025/06/14/ce-ai-visat-si-ce-ai-pierdut/
2025-12-27 19:34:14,166 [INFO] Saved: downloaded_html_fantezii_articles\2025-06-14-ce-ai-visat-si-ce-ai-pierdut.html
2025-12-27 19:34:16,849 [INFO] Downloading (20/103): https://fanteziigreieriprostii.ro/2025/05/29/frig-cu-aroma-de-cald/
2025-12-27 19:34:41,902 [INFO] Saved: downloaded_html_fantezii_articles\2025-05-29-frig-cu-aroma-de-cald.html
2025-12-27 19:34:44,293 [INFO] Downloading (21/103): https://fanteziigreieriprostii.ro/2025/05/29/ctrldesire/
2025-12-27 19:34:46,539 [INFO] Saved: downloaded_html_fantezii_articles\2025-05-29-ctrldesire.html
2025-12-27 19:34:49,489 [INFO] Downloading (22/103): https://fanteziigreieriprostii.ro/2025/04/18/greieri-liturghii-si-alte-fantezii/
2025-12-27 19:34:53,811 [INFO] Saved: downloaded_html_fantezii_articles\2025-04-18-greieri-liturghii-si-alte-fantezii.html
2025-12-27 19:34:57,286 [INFO] Downloading (23/103): https://fanteziigreieriprostii.ro/2025/04/18/compasul-dorintelor/
2025-12-27 19:35:04,401 [INFO] Saved: downloaded_html_fantezii_articles\2025-04-18-compasul-dorintelor.html
2025-12-27 19:35:07,091 [INFO] Downloading (24/103): https://fanteziigreieriprostii.ro/2025/04/18/omagiu/
2025-12-27 19:35:12,835 [INFO] Saved: downloaded_html_fantezii_articles\2025-04-18-omagiu.html
2025-12-27 19:35:16,178 [INFO] Downloading (25/103): https://fanteziigreieriprostii.ro/2025/04/04/cimitirul-de-sub-carnea-mea/
2025-12-27 19:35:22,397 [INFO] Saved: downloaded_html_fantezii_articles\2025-04-04-cimitirul-de-sub-carnea-mea.html
2025-12-27 19:35:25,083 [INFO] Downloading (26/103): https://fanteziigreieriprostii.ro/2025/04/04/credinta-in-suflet-de-ateu/
2025-12-27 19:35:31,194 [INFO] Saved: downloaded_html_fantezii_articles\2025-04-04-credinta-in-suflet-de-ateu.html
2025-12-27 19:35:33,485 [INFO] Downloading (27/103): https://fanteziigreieriprostii.ro/2025/04/04/umbra-placerii-definita-de-nulitate-tacerii/
2025-12-27 19:35:36,118 [INFO] Saved: downloaded_html_fantezii_articles\2025-04-04-umbra-placerii-definita-de-nulitate-tacerii.html
2025-12-27 19:35:38,331 [INFO] Downloading (28/103): https://fanteziigreieriprostii.ro/2025/04/04/fantezii-neconsumate/
2025-12-27 19:35:41,669 [INFO] Saved: downloaded_html_fantezii_articles\2025-04-04-fantezii-neconsumate.html
2025-12-27 19:35:45,165 [INFO] Downloading (29/103): https://fanteziigreieriprostii.ro/2025/04/03/in-cicluri-de-flori-si-dorinte/
2025-12-27 19:35:52,953 [INFO] Saved: downloaded_html_fantezii_articles\2025-04-03-in-cicluri-de-flori-si-dorinte.html
2025-12-27 19:35:56,238 [INFO] Downloading (30/103): https://fanteziigreieriprostii.ro/2025/03/09/traseaza-mi-amintiri/
2025-12-27 19:35:58,894 [INFO] Saved: downloaded_html_fantezii_articles\2025-03-09-traseaza-mi-amintiri.html
2025-12-27 19:36:01,184 [INFO] Downloading (31/103): https://fanteziigreieriprostii.ro/2025/03/09/alearga-descult/
2025-12-27 19:36:28,254 [INFO] Saved: downloaded_html_fantezii_articles\2025-03-09-alearga-descult.html
2025-12-27 19:36:31,058 [INFO] Downloading (32/103): https://fanteziigreieriprostii.ro/2025/03/06/250/
2025-12-27 19:36:53,669 [INFO] Saved: downloaded_html_fantezii_articles\2025-03-06-250.html
2025-12-27 19:36:57,084 [INFO] Downloading (33/103): https://fanteziigreieriprostii.ro/2025/03/05/pleione/
2025-12-27 19:37:05,043 [INFO] Saved: downloaded_html_fantezii_articles\2025-03-05-pleione.html
2025-12-27 19:37:07,178 [INFO] Downloading (34/103): https://fanteziigreieriprostii.ro/2025/03/05/mi-se-impleteste-dorinta/
2025-12-27 19:37:11,607 [INFO] Saved: downloaded_html_fantezii_articles\2025-03-05-mi-se-impleteste-dorinta.html
2025-12-27 19:37:14,185 [INFO] Downloading (35/103): https://fanteziigreieriprostii.ro/2025/03/05/cadru/
2025-12-27 19:37:17,749 [INFO] Saved: downloaded_html_fantezii_articles\2025-03-05-cadru.html
2025-12-27 19:37:19,812 [INFO] Downloading (36/103): https://fanteziigreieriprostii.ro/2025/02/09/338/
2025-12-27 19:37:21,422 [INFO] Saved: downloaded_html_fantezii_articles\2025-02-09-338.html
2025-12-27 19:37:23,904 [INFO] Downloading (37/103): https://fanteziigreieriprostii.ro/2024/12/10/cand-eul-devine/
2025-12-27 19:37:27,138 [INFO] Saved: downloaded_html_fantezii_articles\2024-12-10-cand-eul-devine.html
2025-12-27 19:37:30,125 [INFO] Downloading (38/103): https://fanteziigreieriprostii.ro/2024/12/03/confirmed/
2025-12-27 19:37:33,780 [INFO] Saved: downloaded_html_fantezii_articles\2024-12-03-confirmed.html
2025-12-27 19:37:36,578 [INFO] Downloading (39/103): https://fanteziigreieriprostii.ro/2024/12/03/legat-de-atatea/
2025-12-27 19:37:41,080 [INFO] Saved: downloaded_html_fantezii_articles\2024-12-03-legat-de-atatea.html
2025-12-27 19:37:44,164 [INFO] Downloading (40/103): https://fanteziigreieriprostii.ro/2024/11/26/in-laborator-%f0%9f%a5%bc/
2025-12-27 19:37:48,037 [INFO] Saved: downloaded_html_fantezii_articles\2024-11-26-in-laborator-f0-9f-a5-bc.html
2025-12-27 19:37:51,093 [INFO] Downloading (41/103): https://fanteziigreieriprostii.ro/2024/11/26/iubire/
2025-12-27 19:37:54,086 [INFO] Saved: downloaded_html_fantezii_articles\2024-11-26-iubire.html
2025-12-27 19:37:57,351 [INFO] Downloading (42/103): https://fanteziigreieriprostii.ro/2024/11/19/the-beast/
2025-12-27 19:38:01,152 [INFO] Saved: downloaded_html_fantezii_articles\2024-11-19-the-beast.html
2025-12-27 19:38:03,622 [INFO] Downloading (43/103): https://fanteziigreieriprostii.ro/2024/11/19/terestru-banal/
2025-12-27 19:38:07,851 [INFO] Saved: downloaded_html_fantezii_articles\2024-11-19-terestru-banal.html
2025-12-27 19:38:11,115 [INFO] Downloading (44/103): https://fanteziigreieriprostii.ro/2024/11/19/vioara/
2025-12-27 19:38:41,123 [ERROR] Timeout while downloading: https://fanteziigreieriprostii.ro/2024/11/19/vioara/
2025-12-27 19:38:44,000 [INFO] Downloading (45/103): https://fanteziigreieriprostii.ro/2024/11/10/unnecessary-drama-%f0%9f%8e%ad/
2025-12-27 19:39:14,016 [ERROR] Timeout while downloading: https://fanteziigreieriprostii.ro/2024/11/10/unnecessary-drama-%f0%9f%8e%ad/
2025-12-27 19:39:16,642 [INFO] Downloading (46/103): https://fanteziigreieriprostii.ro/2024/11/01/noi-stim/
2025-12-27 19:39:46,658 [ERROR] Timeout while downloading: https://fanteziigreieriprostii.ro/2024/11/01/noi-stim/
2025-12-27 19:39:49,428 [INFO] Downloading (47/103): https://fanteziigreieriprostii.ro/2024/11/01/vitraliu/
